<?xml version="1.0" encoding="UTF-8"?>
<!-- Generated by org.testng.reporters.JUnitXMLReporter -->
<testsuite hostname="EPRUPETW9237" name="Alfatest" tests="30" failures="0" timestamp="5 Dec 2016 12:31:59 GMT" time="60.278" errors="0">
  <testcase name="s01_BrowserMaximizeLaunch on AlfaTestStepsHP[org.test.alfa.AlfaTestStepsHP@464bee09]" time="6.445" classname="org.test.alfa.AlfaTestStepsHP"/>
  <testcase name="s02_UrlOpen on AlfaTestStepsHP[org.test.alfa.AlfaTestStepsHP@464bee09]" time="1.323" classname="org.test.alfa.AlfaTestStepsHP"/>
  <testcase name="s03_UrlCcheck on AlfaTestStepsHP[org.test.alfa.AlfaTestStepsHP@464bee09]" time="0.012" classname="org.test.alfa.AlfaTestStepsHP"/>
  <testcase name="s04_MarketOpen on AlfaTestStepsHP[org.test.alfa.AlfaTestStepsHP@464bee09]" time="2.248" classname="org.test.alfa.AlfaTestStepsHP"/>
  <testcase name="s05_MarketUrlCheck on AlfaTestStepsHP[org.test.alfa.AlfaTestStepsHP@464bee09]" time="0.014" classname="org.test.alfa.AlfaTestStepsHP"/>
  <testcase name="s06_ElectronicsOpen on AlfaTestStepsHP[org.test.alfa.AlfaTestStepsHP@464bee09]" time="2.972" classname="org.test.alfa.AlfaTestStepsHP"/>
  <testcase name="s07_HeadphonesOpen on AlfaTestStepsHP[org.test.alfa.AlfaTestStepsHP@464bee09]" time="4.544" classname="org.test.alfa.AlfaTestStepsHP"/>
  <testcase name="s08_HPUrlCheck on AlfaTestStepsHP[org.test.alfa.AlfaTestStepsHP@464bee09]" time="0.025" classname="org.test.alfa.AlfaTestStepsHP"/>
  <testcase name="s09_MinSumSet on AlfaTestStepsHP[org.test.alfa.AlfaTestStepsHP@464bee09]" time="0.065" classname="org.test.alfa.AlfaTestStepsHP"/>
  <testcase name="s10_SetBrand on AlfaTestStepsHP[org.test.alfa.AlfaTestStepsHP@464bee09]" time="0.116" classname="org.test.alfa.AlfaTestStepsHP"/>
  <testcase name="s11_PressApply on AlfaTestStepsHP[org.test.alfa.AlfaTestStepsHP@464bee09]" time="0.142" classname="org.test.alfa.AlfaTestStepsHP"/>
  <testcase name="s12_CountItems on AlfaTestStepsHP[org.test.alfa.AlfaTestStepsHP@464bee09]" time="5.574" classname="org.test.alfa.AlfaTestStepsHP"/>
  <testcase name="s13_FindFirstItem on AlfaTestStepsHP[org.test.alfa.AlfaTestStepsHP@464bee09]" time="0.036" classname="org.test.alfa.AlfaTestStepsHP"/>
  <testcase name="s14_SearchByName on AlfaTestStepsHP[org.test.alfa.AlfaTestStepsHP@464bee09]" time="0.121" classname="org.test.alfa.AlfaTestStepsHP"/>
  <testcase name="s15_CheckFoundItem on AlfaTestStepsHP[org.test.alfa.AlfaTestStepsHP@464bee09]" time="12.321" classname="org.test.alfa.AlfaTestStepsHP"/>
  <testcase name="s01_BrowserMaximizeLaunch on AlfaTestStepsTV[org.test.alfa.AlfaTestStepsTV@72d818d1]" time="3.58" classname="org.test.alfa.AlfaTestStepsTV"/>
  <testcase name="s02_UrlOpen on AlfaTestStepsTV[org.test.alfa.AlfaTestStepsTV@72d818d1]" time="1.245" classname="org.test.alfa.AlfaTestStepsTV"/>
  <testcase name="s03_UrlCcheck on AlfaTestStepsTV[org.test.alfa.AlfaTestStepsTV@72d818d1]" time="0.018" classname="org.test.alfa.AlfaTestStepsTV"/>
  <testcase name="s04_MarketOpen on AlfaTestStepsTV[org.test.alfa.AlfaTestStepsTV@72d818d1]" time="2.304" classname="org.test.alfa.AlfaTestStepsTV"/>
  <testcase name="s05_MarketUrlCheck on AlfaTestStepsTV[org.test.alfa.AlfaTestStepsTV@72d818d1]" time="0.013" classname="org.test.alfa.AlfaTestStepsTV"/>
  <testcase name="s06_ElectronicsOpen on AlfaTestStepsTV[org.test.alfa.AlfaTestStepsTV@72d818d1]" time="2.514" classname="org.test.alfa.AlfaTestStepsTV"/>
  <testcase name="s07_TVOpen on AlfaTestStepsTV[org.test.alfa.AlfaTestStepsTV@72d818d1]" time="3.924" classname="org.test.alfa.AlfaTestStepsTV"/>
  <testcase name="s08_TVUrlCheck on AlfaTestStepsTV[org.test.alfa.AlfaTestStepsTV@72d818d1]" time="0.017" classname="org.test.alfa.AlfaTestStepsTV"/>
  <testcase name="s09_MinSumSet on AlfaTestStepsTV[org.test.alfa.AlfaTestStepsTV@72d818d1]" time="0.072" classname="org.test.alfa.AlfaTestStepsTV"/>
  <testcase name="s10_SetBrand on AlfaTestStepsTV[org.test.alfa.AlfaTestStepsTV@72d818d1]" time="0.294" classname="org.test.alfa.AlfaTestStepsTV"/>
  <testcase name="s11_PressApply on AlfaTestStepsTV[org.test.alfa.AlfaTestStepsTV@72d818d1]" time="0.177" classname="org.test.alfa.AlfaTestStepsTV"/>
  <testcase name="s12_CountItems on AlfaTestStepsTV[org.test.alfa.AlfaTestStepsTV@72d818d1]" time="5.472" classname="org.test.alfa.AlfaTestStepsTV"/>
  <testcase name="s13_FindFirstItem on AlfaTestStepsTV[org.test.alfa.AlfaTestStepsTV@72d818d1]" time="0.083" classname="org.test.alfa.AlfaTestStepsTV"/>
  <testcase name="s14_SearchByName on AlfaTestStepsTV[org.test.alfa.AlfaTestStepsTV@72d818d1]" time="0.212" classname="org.test.alfa.AlfaTestStepsTV"/>
  <testcase name="s15_CheckFoundItem on AlfaTestStepsTV[org.test.alfa.AlfaTestStepsTV@72d818d1]" time="4.367" classname="org.test.alfa.AlfaTestStepsTV"/>
</testsuite> <!-- Alfatest -->
