<?xml version="1.0" encoding="UTF-8"?>
<testsuite name="TestSuite" time="60.243" tests="30" errors="0" skipped="0" failures="0">
  <properties>
[...]
</properties>
  <testcase name="s01_BrowserMaximizeLaunch on AlfaTestStepsHP[org.test.alfa.AlfaTestStepsHP@464bee09]" classname="org.test.alfa.AlfaTestStepsHP" time="6.445"/>
  <testcase name="s02_UrlOpen on AlfaTestStepsHP[org.test.alfa.AlfaTestStepsHP@464bee09]" classname="org.test.alfa.AlfaTestStepsHP" time="1.322"/>
  <testcase name="s03_UrlCcheck on AlfaTestStepsHP[org.test.alfa.AlfaTestStepsHP@464bee09]" classname="org.test.alfa.AlfaTestStepsHP" time="0.01"/>
  <testcase name="s04_MarketOpen on AlfaTestStepsHP[org.test.alfa.AlfaTestStepsHP@464bee09]" classname="org.test.alfa.AlfaTestStepsHP" time="2.248"/>
  <testcase name="s05_MarketUrlCheck on AlfaTestStepsHP[org.test.alfa.AlfaTestStepsHP@464bee09]" classname="org.test.alfa.AlfaTestStepsHP" time="0.013"/>
  <testcase name="s06_ElectronicsOpen on AlfaTestStepsHP[org.test.alfa.AlfaTestStepsHP@464bee09]" classname="org.test.alfa.AlfaTestStepsHP" time="2.972"/>
  <testcase name="s07_HeadphonesOpen on AlfaTestStepsHP[org.test.alfa.AlfaTestStepsHP@464bee09]" classname="org.test.alfa.AlfaTestStepsHP" time="4.552"/>
  <testcase name="s08_HPUrlCheck on AlfaTestStepsHP[org.test.alfa.AlfaTestStepsHP@464bee09]" classname="org.test.alfa.AlfaTestStepsHP" time="0.017"/>
  <testcase name="s09_MinSumSet on AlfaTestStepsHP[org.test.alfa.AlfaTestStepsHP@464bee09]" classname="org.test.alfa.AlfaTestStepsHP" time="0.065"/>
  <testcase name="s10_SetBrand on AlfaTestStepsHP[org.test.alfa.AlfaTestStepsHP@464bee09]" classname="org.test.alfa.AlfaTestStepsHP" time="0.117"/>
  <testcase name="s11_PressApply on AlfaTestStepsHP[org.test.alfa.AlfaTestStepsHP@464bee09]" classname="org.test.alfa.AlfaTestStepsHP" time="0.142"/>
  <testcase name="s12_CountItems on AlfaTestStepsHP[org.test.alfa.AlfaTestStepsHP@464bee09]" classname="org.test.alfa.AlfaTestStepsHP" time="5.574"/>
  <testcase name="s13_FindFirstItem on AlfaTestStepsHP[org.test.alfa.AlfaTestStepsHP@464bee09]" classname="org.test.alfa.AlfaTestStepsHP" time="0.035"/>
  <testcase name="s14_SearchByName on AlfaTestStepsHP[org.test.alfa.AlfaTestStepsHP@464bee09]" classname="org.test.alfa.AlfaTestStepsHP" time="0.121"/>
  <testcase name="s15_CheckFoundItem on AlfaTestStepsHP[org.test.alfa.AlfaTestStepsHP@464bee09]" classname="org.test.alfa.AlfaTestStepsHP" time="12.321"/>
  <testcase name="s01_BrowserMaximizeLaunch on AlfaTestStepsTV[org.test.alfa.AlfaTestStepsTV@72d818d1]" classname="org.test.alfa.AlfaTestStepsTV" time="3.58"/>
  <testcase name="s02_UrlOpen on AlfaTestStepsTV[org.test.alfa.AlfaTestStepsTV@72d818d1]" classname="org.test.alfa.AlfaTestStepsTV" time="1.245"/>
  <testcase name="s03_UrlCcheck on AlfaTestStepsTV[org.test.alfa.AlfaTestStepsTV@72d818d1]" classname="org.test.alfa.AlfaTestStepsTV" time="0.02"/>
  <testcase name="s04_MarketOpen on AlfaTestStepsTV[org.test.alfa.AlfaTestStepsTV@72d818d1]" classname="org.test.alfa.AlfaTestStepsTV" time="2.301"/>
  <testcase name="s05_MarketUrlCheck on AlfaTestStepsTV[org.test.alfa.AlfaTestStepsTV@72d818d1]" classname="org.test.alfa.AlfaTestStepsTV" time="0.013"/>
  <testcase name="s06_ElectronicsOpen on AlfaTestStepsTV[org.test.alfa.AlfaTestStepsTV@72d818d1]" classname="org.test.alfa.AlfaTestStepsTV" time="2.514"/>
  <testcase name="s07_TVOpen on AlfaTestStepsTV[org.test.alfa.AlfaTestStepsTV@72d818d1]" classname="org.test.alfa.AlfaTestStepsTV" time="3.926"/>
  <testcase name="s08_TVUrlCheck on AlfaTestStepsTV[org.test.alfa.AlfaTestStepsTV@72d818d1]" classname="org.test.alfa.AlfaTestStepsTV" time="0.014"/>
  <testcase name="s09_MinSumSet on AlfaTestStepsTV[org.test.alfa.AlfaTestStepsTV@72d818d1]" classname="org.test.alfa.AlfaTestStepsTV" time="0.07"/>
  <testcase name="s10_SetBrand on AlfaTestStepsTV[org.test.alfa.AlfaTestStepsTV@72d818d1]" classname="org.test.alfa.AlfaTestStepsTV" time="0.294"/>
  <testcase name="s11_PressApply on AlfaTestStepsTV[org.test.alfa.AlfaTestStepsTV@72d818d1]" classname="org.test.alfa.AlfaTestStepsTV" time="0.177"/>
  <testcase name="s12_CountItems on AlfaTestStepsTV[org.test.alfa.AlfaTestStepsTV@72d818d1]" classname="org.test.alfa.AlfaTestStepsTV" time="5.472"/>
  <testcase name="s13_FindFirstItem on AlfaTestStepsTV[org.test.alfa.AlfaTestStepsTV@72d818d1]" classname="org.test.alfa.AlfaTestStepsTV" time="0.083"/>
  <testcase name="s14_SearchByName on AlfaTestStepsTV[org.test.alfa.AlfaTestStepsTV@72d818d1]" classname="org.test.alfa.AlfaTestStepsTV" time="0.215"/>
  <testcase name="s15_CheckFoundItem on AlfaTestStepsTV[org.test.alfa.AlfaTestStepsTV@72d818d1]" classname="org.test.alfa.AlfaTestStepsTV" time="4.365"/>
</testsuite>